<?xml version="1.0" encoding="UTF-8"?>
<!-- Generated by org.testng.reporters.JUnitReportReporter -->
<testsuite skipped="0" hostname="TYSS-4F-022" name="scripts.TestLogin" tests="1" failures="0" timestamp="30 Apr 2018 11:19:16 GMT" time="39.303" errors="0">
  <testcase name="testLogin" time="39.303" classname="scripts.TestLogin"/>
</testsuite> <!-- scripts.TestLogin -->
